This file contains any messages produced by compilers while
running configure, to aid debugging if configure makes a mistake.

It was created by libgnome-keyring configure 3.0.3, which was
generated by GNU Autoconf 2.69.  Invocation command line was

  $ ./configure --enable-maintainer-mode

## --------- ##
## Platform. ##
## --------- ##

hostname = ns2
uname -m = i686
uname -r = 3.4.9-x86-smp
uname -s = Linux
uname -v = #1 SMP PREEMPT Sat Aug 18 16:18:05 SAST 2012

/usr/bin/uname -p = unknown
/bin/uname -X     = unknown

/bin/arch              = i686
/usr/bin/arch -k       = unknown
/usr/convex/getsysinfo = unknown
/usr/bin/hostinfo      = unknown
/bin/machine           = unknown
/usr/bin/oslevel       = unknown
/bin/universe          = unknown

PATH: /usr/lib/jvm/jdk-1.7.0_09//bin
PATH: /usr/local/sbin
PATH: /usr/sbin
PATH: /sbin
PATH: /usr/local/bin
PATH: /usr/bin
PATH: /bin
PATH: /usr/X11R7/bin
PATH: /opt/sophos/bin


## ----------- ##
## Core tests. ##
## ----------- ##

configure:2425: checking for a BSD-compatible install
configure:2493: result: /usr/bin/ginstall -c
configure:2504: checking whether build environment is sane
configure:2554: result: yes
configure:2695: checking for a thread-safe mkdir -p
configure:2734: result: /usr/bin/mkdir -p
configure:2747: checking for gawk
configure:2763: found /usr/bin/gawk
configure:2774: result: gawk
configure:2785: checking whether make sets $(MAKE)
configure:2807: result: yes
configure:2882: checking how to create a ustar tar archive
configure:2895: tar --version
tar (GNU tar) 1.26
Copyright (C) 2011 Free Software Foundation, Inc.
License GPLv3+: GNU GPL version 3 or later <http://gnu.org/licenses/gpl.html>.
This is free software: you are free to change and redistribute it.
There is NO WARRANTY, to the extent permitted by law.

Written by John Gilmore and Jay Fenlason.
configure:2898: $? = 0
configure:2938: tardir=conftest.dir && eval tar --format=ustar -chf - "$tardir" >conftest.tar
configure:2941: $? = 0
configure:2945: tar -xf - <conftest.tar
configure:2948: $? = 0
configure:2961: result: gnutar
configure:2982: checking whether make supports nested variables
configure:2999: result: yes
configure:3011: checking whether build environment is sane
configure:3061: result: yes
configure:3064: checking whether to enable maintainer-specific portions of Makefiles
configure:3073: result: yes
configure:3099: checking for style of include used by make
configure:3127: result: GNU
configure:3198: checking for gcc
configure:3214: found /usr/bin/gcc
configure:3225: result: gcc
configure:3454: checking for C compiler version
configure:3463: gcc --version >&5
gcc (GCC) 4.8.1 20130530 (prerelease)
Copyright (C) 2013 Free Software Foundation, Inc.
This is free software; see the source for copying conditions.  There is NO
warranty; not even for MERCHANTABILITY or FITNESS FOR A PARTICULAR PURPOSE.

configure:3474: $? = 0
configure:3463: gcc -v >&5
Using built-in specs.
COLLECT_GCC=gcc
COLLECT_LTO_WRAPPER=/usr/libexec/gcc/i686-linux-gnu/4.8.1/lto-wrapper
Target: i686-linux-gnu
Configured with: ./../configure --prefix=/usr --sysconfdir=/etc/ --mandir=/usr/share/man --localstatedir=/var --infodir=/usr/share/info --libdir=/usr/lib --host=i686-linux-gnu --build=i686-linux-gnu --with-ecj-jar=/usr/share/java/ecj-3.5.2.jar --enable-lto --enable-cloog-backend=isl --enable-java-home --with-system-zlib --target=i686-linux-gnu --with-sysroot=/ --with-jvm-root-dir=/usr/lib/jvm/gcj-jdk --enable-languages=c,c++,fortran,java,lto,objc,obj-c++,go,ada
Thread model: posix
gcc version 4.8.1 20130530 (prerelease) (GCC) 
configure:3474: $? = 0
configure:3463: gcc -V >&5
gcc: error: unrecognized command line option '-V'
gcc: fatal error: no input files
compilation terminated.
configure:3474: $? = 1
configure:3463: gcc -qversion >&5
gcc: error: unrecognized command line option '-qversion'
gcc: fatal error: no input files
compilation terminated.
configure:3474: $? = 1
configure:3494: checking whether the C compiler works
configure:3516: gcc    conftest.c  >&5
configure:3520: $? = 0
configure:3568: result: yes
configure:3571: checking for C compiler default output file name
configure:3573: result: a.out
configure:3579: checking for suffix of executables
configure:3586: gcc -o conftest    conftest.c  >&5
configure:3590: $? = 0
configure:3612: result: 
configure:3634: checking whether we are cross compiling
configure:3642: gcc -o conftest    conftest.c  >&5
configure:3646: $? = 0
configure:3653: ./conftest
configure:3657: $? = 0
configure:3672: result: no
configure:3677: checking for suffix of object files
configure:3699: gcc -c   conftest.c >&5
configure:3703: $? = 0
configure:3724: result: o
configure:3728: checking whether we are using the GNU C compiler
configure:3747: gcc -c   conftest.c >&5
configure:3747: $? = 0
configure:3756: result: yes
configure:3765: checking whether gcc accepts -g
configure:3785: gcc -c -g  conftest.c >&5
configure:3785: $? = 0
configure:3826: result: yes
configure:3843: checking for gcc option to accept ISO C89
configure:3906: gcc  -c -g -O2  conftest.c >&5
configure:3906: $? = 0
configure:3919: result: none needed
configure:3941: checking dependency style of gcc
configure:4052: result: gcc3
configure:4073: checking how to run the C preprocessor
configure:4104: gcc -E  conftest.c
configure:4104: $? = 0
configure:4118: gcc -E  conftest.c
conftest.c:11:28: fatal error: ac_nonexistent.h: No such file or directory
 #include <ac_nonexistent.h>
                            ^
compilation terminated.
configure:4118: $? = 1
configure: failed program was:
| /* confdefs.h */
| #define PACKAGE_NAME "libgnome-keyring"
| #define PACKAGE_TARNAME "libgnome-keyring"
| #define PACKAGE_VERSION "3.0.3"
| #define PACKAGE_STRING "libgnome-keyring 3.0.3"
| #define PACKAGE_BUGREPORT ""
| #define PACKAGE_URL ""
| #define PACKAGE "libgnome-keyring"
| #define VERSION "3.0.3"
| /* end confdefs.h.  */
| #include <ac_nonexistent.h>
configure:4143: result: gcc -E
configure:4163: gcc -E  conftest.c
configure:4163: $? = 0
configure:4177: gcc -E  conftest.c
conftest.c:11:28: fatal error: ac_nonexistent.h: No such file or directory
 #include <ac_nonexistent.h>
                            ^
compilation terminated.
configure:4177: $? = 1
configure: failed program was:
| /* confdefs.h */
| #define PACKAGE_NAME "libgnome-keyring"
| #define PACKAGE_TARNAME "libgnome-keyring"
| #define PACKAGE_VERSION "3.0.3"
| #define PACKAGE_STRING "libgnome-keyring 3.0.3"
| #define PACKAGE_BUGREPORT ""
| #define PACKAGE_URL ""
| #define PACKAGE "libgnome-keyring"
| #define VERSION "3.0.3"
| /* end confdefs.h.  */
| #include <ac_nonexistent.h>
configure:4206: checking for grep that handles long lines and -e
configure:4264: result: /usr/bin/grep
configure:4269: checking for egrep
configure:4331: result: /usr/bin/grep -E
configure:4336: checking for ANSI C header files
configure:4356: gcc -c -g -O2  conftest.c >&5
configure:4356: $? = 0
configure:4429: gcc -o conftest -g -O2   conftest.c  >&5
configure:4429: $? = 0
configure:4429: ./conftest
configure:4429: $? = 0
configure:4440: result: yes
configure:4453: checking for sys/types.h
configure:4453: gcc -c -g -O2  conftest.c >&5
configure:4453: $? = 0
configure:4453: result: yes
configure:4453: checking for sys/stat.h
configure:4453: gcc -c -g -O2  conftest.c >&5
configure:4453: $? = 0
configure:4453: result: yes
configure:4453: checking for stdlib.h
configure:4453: gcc -c -g -O2  conftest.c >&5
configure:4453: $? = 0
configure:4453: result: yes
configure:4453: checking for string.h
configure:4453: gcc -c -g -O2  conftest.c >&5
configure:4453: $? = 0
configure:4453: result: yes
configure:4453: checking for memory.h
configure:4453: gcc -c -g -O2  conftest.c >&5
configure:4453: $? = 0
configure:4453: result: yes
configure:4453: checking for strings.h
configure:4453: gcc -c -g -O2  conftest.c >&5
configure:4453: $? = 0
configure:4453: result: yes
configure:4453: checking for inttypes.h
configure:4453: gcc -c -g -O2  conftest.c >&5
configure:4453: $? = 0
configure:4453: result: yes
configure:4453: checking for stdint.h
configure:4453: gcc -c -g -O2  conftest.c >&5
configure:4453: $? = 0
configure:4453: result: yes
configure:4453: checking for unistd.h
configure:4453: gcc -c -g -O2  conftest.c >&5
configure:4453: $? = 0
configure:4453: result: yes
configure:4466: checking minix/config.h usability
configure:4466: gcc -c -g -O2  conftest.c >&5
conftest.c:54:26: fatal error: minix/config.h: No such file or directory
 #include <minix/config.h>
                          ^
compilation terminated.
configure:4466: $? = 1
configure: failed program was:
| /* confdefs.h */
| #define PACKAGE_NAME "libgnome-keyring"
| #define PACKAGE_TARNAME "libgnome-keyring"
| #define PACKAGE_VERSION "3.0.3"
| #define PACKAGE_STRING "libgnome-keyring 3.0.3"
| #define PACKAGE_BUGREPORT ""
| #define PACKAGE_URL ""
| #define PACKAGE "libgnome-keyring"
| #define VERSION "3.0.3"
| #define STDC_HEADERS 1
| #define HAVE_SYS_TYPES_H 1
| #define HAVE_SYS_STAT_H 1
| #define HAVE_STDLIB_H 1
| #define HAVE_STRING_H 1
| #define HAVE_MEMORY_H 1
| #define HAVE_STRINGS_H 1
| #define HAVE_INTTYPES_H 1
| #define HAVE_STDINT_H 1
| #define HAVE_UNISTD_H 1
| /* end confdefs.h.  */
| #include <stdio.h>
| #ifdef HAVE_SYS_TYPES_H
| # include <sys/types.h>
| #endif
| #ifdef HAVE_SYS_STAT_H
| # include <sys/stat.h>
| #endif
| #ifdef STDC_HEADERS
| # include <stdlib.h>
| # include <stddef.h>
| #else
| # ifdef HAVE_STDLIB_H
| #  include <stdlib.h>
| # endif
| #endif
| #ifdef HAVE_STRING_H
| # if !defined STDC_HEADERS && defined HAVE_MEMORY_H
| #  include <memory.h>
| # endif
| # include <string.h>
| #endif
| #ifdef HAVE_STRINGS_H
| # include <strings.h>
| #endif
| #ifdef HAVE_INTTYPES_H
| # include <inttypes.h>
| #endif
| #ifdef HAVE_STDINT_H
| # include <stdint.h>
| #endif
| #ifdef HAVE_UNISTD_H
| # include <unistd.h>
| #endif
| #include <minix/config.h>
configure:4466: result: no
configure:4466: checking minix/config.h presence
configure:4466: gcc -E  conftest.c
conftest.c:21:26: fatal error: minix/config.h: No such file or directory
 #include <minix/config.h>
                          ^
compilation terminated.
configure:4466: $? = 1
configure: failed program was:
| /* confdefs.h */
| #define PACKAGE_NAME "libgnome-keyring"
| #define PACKAGE_TARNAME "libgnome-keyring"
| #define PACKAGE_VERSION "3.0.3"
| #define PACKAGE_STRING "libgnome-keyring 3.0.3"
| #define PACKAGE_BUGREPORT ""
| #define PACKAGE_URL ""
| #define PACKAGE "libgnome-keyring"
| #define VERSION "3.0.3"
| #define STDC_HEADERS 1
| #define HAVE_SYS_TYPES_H 1
| #define HAVE_SYS_STAT_H 1
| #define HAVE_STDLIB_H 1
| #define HAVE_STRING_H 1
| #define HAVE_MEMORY_H 1
| #define HAVE_STRINGS_H 1
| #define HAVE_INTTYPES_H 1
| #define HAVE_STDINT_H 1
| #define HAVE_UNISTD_H 1
| /* end confdefs.h.  */
| #include <minix/config.h>
configure:4466: result: no
configure:4466: checking for minix/config.h
configure:4466: result: no
configure:4487: checking whether it is safe to define __EXTENSIONS__
configure:4505: gcc -c -g -O2  conftest.c >&5
configure:4505: $? = 0
configure:4512: result: yes
configure:4527: checking for an ANSI C-conforming const
configure:4593: gcc -c -g -O2  conftest.c >&5
configure:4593: $? = 0
configure:4600: result: yes
configure:4608: checking for library containing strerror
configure:4639: gcc -o conftest -g -O2   conftest.c  >&5
configure:4639: $? = 0
configure:4656: result: none required
configure:4712: checking for gcc
configure:4739: result: gcc
configure:4968: checking for C compiler version
configure:4977: gcc --version >&5
gcc (GCC) 4.8.1 20130530 (prerelease)
Copyright (C) 2013 Free Software Foundation, Inc.
This is free software; see the source for copying conditions.  There is NO
warranty; not even for MERCHANTABILITY or FITNESS FOR A PARTICULAR PURPOSE.

configure:4988: $? = 0
configure:4977: gcc -v >&5
Using built-in specs.
COLLECT_GCC=gcc
COLLECT_LTO_WRAPPER=/usr/libexec/gcc/i686-linux-gnu/4.8.1/lto-wrapper
Target: i686-linux-gnu
Configured with: ./../configure --prefix=/usr --sysconfdir=/etc/ --mandir=/usr/share/man --localstatedir=/var --infodir=/usr/share/info --libdir=/usr/lib --host=i686-linux-gnu --build=i686-linux-gnu --with-ecj-jar=/usr/share/java/ecj-3.5.2.jar --enable-lto --enable-cloog-backend=isl --enable-java-home --with-system-zlib --target=i686-linux-gnu --with-sysroot=/ --with-jvm-root-dir=/usr/lib/jvm/gcj-jdk --enable-languages=c,c++,fortran,java,lto,objc,obj-c++,go,ada
Thread model: posix
gcc version 4.8.1 20130530 (prerelease) (GCC) 
configure:4988: $? = 0
configure:4977: gcc -V >&5
gcc: error: unrecognized command line option '-V'
gcc: fatal error: no input files
compilation terminated.
configure:4988: $? = 1
configure:4977: gcc -qversion >&5
gcc: error: unrecognized command line option '-qversion'
gcc: fatal error: no input files
compilation terminated.
configure:4988: $? = 1
configure:4992: checking whether we are using the GNU C compiler
configure:5020: result: yes
configure:5029: checking whether gcc accepts -g
configure:5090: result: yes
configure:5107: checking for gcc option to accept ISO C89
configure:5183: result: none needed
configure:5205: checking dependency style of gcc
configure:5316: result: gcc3
configure:5332: checking whether gcc and cc understand -c and -o together
configure:5363: gcc -c conftest.c -o conftest2.o >&5
configure:5367: $? = 0
configure:5373: gcc -c conftest.c -o conftest2.o >&5
configure:5377: $? = 0
configure:5388: cc -c conftest.c >&5
configure:5392: $? = 0
configure:5400: cc -c conftest.c -o conftest2.o >&5
configure:5404: $? = 0
configure:5410: cc -c conftest.c -o conftest2.o >&5
configure:5414: $? = 0
configure:5432: result: yes
configure:5458: checking whether ln -s works
configure:5462: result: yes
configure:5469: checking whether make sets $(MAKE)
configure:5491: result: yes
configure:5560: checking build system type
configure:5574: result: i686-pc-linux-gnu
configure:5594: checking host system type
configure:5607: result: i686-pc-linux-gnu
configure:5648: checking how to print strings
configure:5675: result: printf
configure:5696: checking for a sed that does not truncate output
configure:5760: result: /usr/bin/sed
configure:5778: checking for fgrep
configure:5840: result: /usr/bin/grep -F
configure:5875: checking for ld used by gcc
configure:5942: result: /usr/i686-linux-gnu/bin/ld
configure:5949: checking if the linker (/usr/i686-linux-gnu/bin/ld) is GNU ld
configure:5964: result: yes
configure:5976: checking for BSD- or MS-compatible name lister (nm)
configure:6025: result: /usr/bin/nm -B
configure:6155: checking the name lister (/usr/bin/nm -B) interface
configure:6162: gcc -c -g -O2  conftest.c >&5
configure:6165: /usr/bin/nm -B "conftest.o"
configure:6168: output
00000000 B some_variable
configure:6175: result: BSD nm
configure:6179: checking the maximum length of command line arguments
configure:6309: result: 1572864
configure:6326: checking whether the shell understands some XSI constructs
configure:6336: result: yes
configure:6340: checking whether the shell understands "+="
configure:6346: result: yes
configure:6381: checking how to convert i686-pc-linux-gnu file names to i686-pc-linux-gnu format
configure:6421: result: func_convert_file_noop
configure:6428: checking how to convert i686-pc-linux-gnu file names to toolchain format
configure:6448: result: func_convert_file_noop
configure:6455: checking for /usr/i686-linux-gnu/bin/ld option to reload object files
configure:6462: result: -r
configure:6536: checking for objdump
configure:6552: found /usr/bin/objdump
configure:6563: result: objdump
configure:6595: checking how to recognize dependent libraries
configure:6797: result: pass_all
configure:6882: checking for dlltool
configure:6912: result: no
configure:6942: checking how to associate runtime and link libraries
configure:6969: result: printf %s\n
configure:7029: checking for ar
configure:7045: found /usr/bin/ar
configure:7056: result: ar
configure:7093: checking for archiver @FILE support
configure:7110: gcc -c -g -O2  conftest.c >&5
configure:7110: $? = 0
configure:7113: ar cru libconftest.a @conftest.lst >&5
configure:7116: $? = 0
configure:7121: ar cru libconftest.a @conftest.lst >&5
ar: conftest.o: No such file or directory
configure:7124: $? = 1
configure:7136: result: @
configure:7194: checking for strip
configure:7210: found /usr/bin/strip
configure:7221: result: strip
configure:7293: checking for ranlib
configure:7309: found /usr/bin/ranlib
configure:7320: result: ranlib
configure:7422: checking command to parse /usr/bin/nm -B output from gcc object
configure:7542: gcc -c -g -O2  conftest.c >&5
configure:7545: $? = 0
configure:7549: /usr/bin/nm -B conftest.o \| sed -n -e 's/^.*[ ]\([ABCDGIRSTW][ABCDGIRSTW]*\)[ ][ ]*\([_A-Za-z][_A-Za-z0-9]*\)$/\1 \2 \2/p' | sed '/ __gnu_lto/d' \> conftest.nm
configure:7552: $? = 0
configure:7618: gcc -o conftest -g -O2   conftest.c conftstm.o >&5
configure:7621: $? = 0
configure:7659: result: ok
configure:7696: checking for sysroot
configure:7726: result: no
configure:7982: checking for mt
configure:7998: found /usr/bin/mt
configure:8009: result: mt
configure:8032: checking if mt is a manifest tool
configure:8038: mt '-?'
usage: mt [-v] [--version] [-h] [ -f device ] command [ count ]
configure:8046: result: no
configure:8685: checking for dlfcn.h
configure:8685: gcc -c -g -O2  conftest.c >&5
configure:8685: $? = 0
configure:8685: result: yes
configure:8861: checking for objdir
configure:8876: result: .libs
configure:9143: checking if gcc supports -fno-rtti -fno-exceptions
configure:9161: gcc -c -g -O2  -fno-rtti -fno-exceptions conftest.c >&5
cc1: warning: command line option '-fno-rtti' is valid for C++/ObjC++ but not for C [enabled by default]
configure:9165: $? = 0
configure:9178: result: no
configure:9505: checking for gcc option to produce PIC
configure:9512: result: -fPIC -DPIC
configure:9520: checking if gcc PIC flag -fPIC -DPIC works
configure:9538: gcc -c -g -O2  -fPIC -DPIC -DPIC conftest.c >&5
configure:9542: $? = 0
configure:9555: result: yes
configure:9584: checking if gcc static flag -static works
configure:9612: result: yes
configure:9627: checking if gcc supports -c -o file.o
configure:9648: gcc -c -g -O2  -o out/conftest2.o conftest.c >&5
configure:9652: $? = 0
configure:9674: result: yes
configure:9682: checking if gcc supports -c -o file.o
configure:9729: result: yes
configure:9762: checking whether the gcc linker (/usr/i686-linux-gnu/bin/ld) supports shared libraries
configure:10915: result: yes
configure:10952: checking whether -lc should be explicitly linked in
configure:10960: gcc -c -g -O2  conftest.c >&5
configure:10963: $? = 0
configure:10978: gcc -shared  -fPIC -DPIC conftest.o  -v -Wl,-soname -Wl,conftest -o conftest 2\>\&1 \| /usr/bin/grep  -lc  \>/dev/null 2\>\&1
configure:10981: $? = 0
configure:10995: result: no
configure:11155: checking dynamic linker characteristics
configure:11666: gcc -o conftest -g -O2   -Wl,-rpath -Wl,/foo conftest.c  >&5
configure:11666: $? = 0
configure:11888: result: GNU/Linux ld.so
configure:11995: checking how to hardcode library paths into programs
configure:12020: result: immediate
configure:12560: checking whether stripping libraries is possible
configure:12565: result: yes
configure:12600: checking if libtool supports shared libraries
configure:12602: result: yes
configure:12605: checking whether to build shared libraries
configure:12626: result: yes
configure:12629: checking whether to build static libraries
configure:12633: result: no
configure:12671: checking whether NLS is requested
configure:12680: result: yes
configure:12698: checking for intltool >= 0.35.0
configure:12700: result: 0.50.2 found
configure:12708: checking for intltool-update
configure:12726: found /usr/bin/intltool-update
configure:12738: result: /usr/bin/intltool-update
configure:12748: checking for intltool-merge
configure:12766: found /usr/bin/intltool-merge
configure:12778: result: /usr/bin/intltool-merge
configure:12788: checking for intltool-extract
configure:12806: found /usr/bin/intltool-extract
configure:12818: result: /usr/bin/intltool-extract
configure:12972: checking for xgettext
configure:12990: found /usr/bin/xgettext
configure:13002: result: /usr/bin/xgettext
configure:13012: checking for msgmerge
configure:13030: found /usr/bin/msgmerge
configure:13042: result: /usr/bin/msgmerge
configure:13052: checking for msgfmt
configure:13070: found /usr/bin/msgfmt
configure:13082: result: /usr/bin/msgfmt
configure:13092: checking for gmsgfmt
configure:13123: result: /usr/bin/msgfmt
configure:13143: checking for perl
configure:13161: found /usr/bin/perl
configure:13173: result: /usr/bin/perl
configure:13184: checking for perl >= 5.8.1
configure:13191: result: 5.16.2
configure:13195: checking for XML::Parser
configure:13198: result: ok
configure:13223: gcc -o conftest -g -O2   conftest.c  >&5
configure:13223: $? = 0
configure:13251: checking for pkg-config
configure:13269: found /usr/bin/pkg-config
configure:13282: result: /usr/bin/pkg-config
configure:13302: checking for pid_t
configure:13302: gcc -c -g -O2  conftest.c >&5
configure:13302: $? = 0
configure:13302: gcc -c -g -O2  conftest.c >&5
conftest.c: In function 'main':
conftest.c:65:20: error: expected expression before ')' token
 if (sizeof ((pid_t)))
                    ^
configure:13302: $? = 1
configure: failed program was:
| /* confdefs.h */
| #define PACKAGE_NAME "libgnome-keyring"
| #define PACKAGE_TARNAME "libgnome-keyring"
| #define PACKAGE_VERSION "3.0.3"
| #define PACKAGE_STRING "libgnome-keyring 3.0.3"
| #define PACKAGE_BUGREPORT ""
| #define PACKAGE_URL ""
| #define PACKAGE "libgnome-keyring"
| #define VERSION "3.0.3"
| #define STDC_HEADERS 1
| #define HAVE_SYS_TYPES_H 1
| #define HAVE_SYS_STAT_H 1
| #define HAVE_STDLIB_H 1
| #define HAVE_STRING_H 1
| #define HAVE_MEMORY_H 1
| #define HAVE_STRINGS_H 1
| #define HAVE_INTTYPES_H 1
| #define HAVE_STDINT_H 1
| #define HAVE_UNISTD_H 1
| #define __EXTENSIONS__ 1
| #define _ALL_SOURCE 1
| #define _GNU_SOURCE 1
| #define _POSIX_PTHREAD_SEMANTICS 1
| #define _TANDEM_SOURCE 1
| #define HAVE_DLFCN_H 1
| #define LT_OBJDIR ".libs/"
| #define GKR_VERSION 003000003
| /* end confdefs.h.  */
| #include <stdio.h>
| #ifdef HAVE_SYS_TYPES_H
| # include <sys/types.h>
| #endif
| #ifdef HAVE_SYS_STAT_H
| # include <sys/stat.h>
| #endif
| #ifdef STDC_HEADERS
| # include <stdlib.h>
| # include <stddef.h>
| #else
| # ifdef HAVE_STDLIB_H
| #  include <stdlib.h>
| # endif
| #endif
| #ifdef HAVE_STRING_H
| # if !defined STDC_HEADERS && defined HAVE_MEMORY_H
| #  include <memory.h>
| # endif
| # include <string.h>
| #endif
| #ifdef HAVE_STRINGS_H
| # include <strings.h>
| #endif
| #ifdef HAVE_INTTYPES_H
| # include <inttypes.h>
| #endif
| #ifdef HAVE_STDINT_H
| # include <stdint.h>
| #endif
| #ifdef HAVE_UNISTD_H
| # include <unistd.h>
| #endif
| int
| main ()
| {
| if (sizeof ((pid_t)))
| 	    return 0;
|   ;
|   return 0;
| }
configure:13302: result: yes
configure:13313: checking return type of signal handlers
configure:13331: gcc -c -g -O2  conftest.c >&5
conftest.c: In function 'main':
conftest.c:35:1: error: void value not ignored as it ought to be
 return *(signal (0, 0)) (0) == 1;
 ^
configure:13331: $? = 1
configure: failed program was:
| /* confdefs.h */
| #define PACKAGE_NAME "libgnome-keyring"
| #define PACKAGE_TARNAME "libgnome-keyring"
| #define PACKAGE_VERSION "3.0.3"
| #define PACKAGE_STRING "libgnome-keyring 3.0.3"
| #define PACKAGE_BUGREPORT ""
| #define PACKAGE_URL ""
| #define PACKAGE "libgnome-keyring"
| #define VERSION "3.0.3"
| #define STDC_HEADERS 1
| #define HAVE_SYS_TYPES_H 1
| #define HAVE_SYS_STAT_H 1
| #define HAVE_STDLIB_H 1
| #define HAVE_STRING_H 1
| #define HAVE_MEMORY_H 1
| #define HAVE_STRINGS_H 1
| #define HAVE_INTTYPES_H 1
| #define HAVE_STDINT_H 1
| #define HAVE_UNISTD_H 1
| #define __EXTENSIONS__ 1
| #define _ALL_SOURCE 1
| #define _GNU_SOURCE 1
| #define _POSIX_PTHREAD_SEMANTICS 1
| #define _TANDEM_SOURCE 1
| #define HAVE_DLFCN_H 1
| #define LT_OBJDIR ".libs/"
| #define GKR_VERSION 003000003
| /* end confdefs.h.  */
| #include <sys/types.h>
| #include <signal.h>
| 
| int
| main ()
| {
| return *(signal (0, 0)) (0) == 1;
|   ;
|   return 0;
| }
configure:13338: result: void
configure:13346: checking for size_t
configure:13346: gcc -c -g -O2  conftest.c >&5
configure:13346: $? = 0
configure:13346: gcc -c -g -O2  conftest.c >&5
conftest.c: In function 'main':
conftest.c:66:21: error: expected expression before ')' token
 if (sizeof ((size_t)))
                     ^
configure:13346: $? = 1
configure: failed program was:
| /* confdefs.h */
| #define PACKAGE_NAME "libgnome-keyring"
| #define PACKAGE_TARNAME "libgnome-keyring"
| #define PACKAGE_VERSION "3.0.3"
| #define PACKAGE_STRING "libgnome-keyring 3.0.3"
| #define PACKAGE_BUGREPORT ""
| #define PACKAGE_URL ""
| #define PACKAGE "libgnome-keyring"
| #define VERSION "3.0.3"
| #define STDC_HEADERS 1
| #define HAVE_SYS_TYPES_H 1
| #define HAVE_SYS_STAT_H 1
| #define HAVE_STDLIB_H 1
| #define HAVE_STRING_H 1
| #define HAVE_MEMORY_H 1
| #define HAVE_STRINGS_H 1
| #define HAVE_INTTYPES_H 1
| #define HAVE_STDINT_H 1
| #define HAVE_UNISTD_H 1
| #define __EXTENSIONS__ 1
| #define _ALL_SOURCE 1
| #define _GNU_SOURCE 1
| #define _POSIX_PTHREAD_SEMANTICS 1
| #define _TANDEM_SOURCE 1
| #define HAVE_DLFCN_H 1
| #define LT_OBJDIR ".libs/"
| #define GKR_VERSION 003000003
| #define RETSIGTYPE void
| /* end confdefs.h.  */
| #include <stdio.h>
| #ifdef HAVE_SYS_TYPES_H
| # include <sys/types.h>
| #endif
| #ifdef HAVE_SYS_STAT_H
| # include <sys/stat.h>
| #endif
| #ifdef STDC_HEADERS
| # include <stdlib.h>
| # include <stddef.h>
| #else
| # ifdef HAVE_STDLIB_H
| #  include <stdlib.h>
| # endif
| #endif
| #ifdef HAVE_STRING_H
| # if !defined STDC_HEADERS && defined HAVE_MEMORY_H
| #  include <memory.h>
| # endif
| # include <string.h>
| #endif
| #ifdef HAVE_STRINGS_H
| # include <strings.h>
| #endif
| #ifdef HAVE_INTTYPES_H
| # include <inttypes.h>
| #endif
| #ifdef HAVE_STDINT_H
| # include <stdint.h>
| #endif
| #ifdef HAVE_UNISTD_H
| # include <unistd.h>
| #endif
| int
| main ()
| {
| if (sizeof ((size_t)))
| 	    return 0;
|   ;
|   return 0;
| }
configure:13346: result: yes
configure:13357: checking for uid_t in sys/types.h
configure:13376: result: yes
configure:13497: checking pkg-config is at least version 0.9.0
configure:13500: result: yes
configure:13513: checking for gtkdoc-check
configure:13531: found /usr/bin/gtkdoc-check
configure:13543: result: /usr/bin/gtkdoc-check
configure:13555: checking for gtkdoc-rebase
configure:13573: found /usr/bin/gtkdoc-rebase
configure:13585: result: /usr/bin/gtkdoc-rebase
configure:13599: checking for gtkdoc-mkpdf
configure:13617: found /usr/bin/gtkdoc-mkpdf
configure:13629: result: /usr/bin/gtkdoc-mkpdf
configure:13763: checking whether to build gtk-doc documentation
configure:13765: result: no
configure:13834: checking for GLIB
configure:13841: $PKG_CONFIG --exists --print-errors "glib-2.0 >= 2.16.0"
configure:13844: $? = 0
configure:13858: $PKG_CONFIG --exists --print-errors "glib-2.0 >= 2.16.0"
configure:13861: $? = 0
configure:13919: result: yes
configure:13940: checking locale.h usability
configure:13940: gcc -c -g -O2  conftest.c >&5
configure:13940: $? = 0
configure:13940: result: yes
configure:13940: checking locale.h presence
configure:13940: gcc -E  conftest.c
configure:13940: $? = 0
configure:13940: result: yes
configure:13940: checking for locale.h
configure:13940: result: yes
configure:13951: checking for LC_MESSAGES
configure:13967: gcc -o conftest -g -O2   conftest.c  >&5
configure:13967: $? = 0
configure:13975: result: yes
configure:13992: checking libintl.h usability
configure:13992: gcc -c -g -O2  conftest.c >&5
configure:13992: $? = 0
configure:13992: result: yes
configure:13992: checking libintl.h presence
configure:13992: gcc -E  conftest.c
configure:13992: $? = 0
configure:13992: result: yes
configure:13992: checking for libintl.h
configure:13992: result: yes
configure:14000: checking for ngettext in libc
configure:14018: gcc -o conftest -g -O2   conftest.c  >&5
configure:14018: $? = 0
configure:14027: result: yes
configure:14031: checking for dgettext in libc
configure:14049: gcc -o conftest -g -O2   conftest.c  >&5
configure:14049: $? = 0
configure:14058: result: yes
configure:14065: checking for bind_textdomain_codeset
configure:14065: gcc -o conftest -g -O2   conftest.c  >&5
configure:14065: $? = 0
configure:14065: result: yes
configure:14341: checking for msgfmt
configure:14368: result: /usr/bin/msgfmt
configure:14379: checking for dcgettext
configure:14379: gcc -o conftest -g -O2   conftest.c   >&5
conftest.c:58:6: warning: conflicting types for built-in function 'dcgettext' [enabled by default]
 char dcgettext ();
      ^
configure:14379: $? = 0
configure:14379: result: yes
configure:14389: checking if msgfmt accepts -c
configure:14404: $MSGFMT -c -o /dev/null conftest.foo
configure:14407: $? = 0
configure:14409: result: yes
configure:14419: checking for gmsgfmt
configure:14450: result: /usr/bin/msgfmt
configure:14460: checking for xgettext
configure:14487: result: /usr/bin/xgettext
configure:14506: gcc -o conftest -g -O2   conftest.c   >&5
configure:14506: $? = 0
configure:14650: checking for struct cmsgcred
configure:14670: gcc -c -g -O2  conftest.c >&5
conftest.c: In function 'main':
conftest.c:45:17: error: storage size of 'cred' isn't known
 struct cmsgcred cred;
                 ^
configure:14670: $? = 1
configure: failed program was:
| /* confdefs.h */
| #define PACKAGE_NAME "libgnome-keyring"
| #define PACKAGE_TARNAME "libgnome-keyring"
| #define PACKAGE_VERSION "3.0.3"
| #define PACKAGE_STRING "libgnome-keyring 3.0.3"
| #define PACKAGE_BUGREPORT ""
| #define PACKAGE_URL ""
| #define PACKAGE "libgnome-keyring"
| #define VERSION "3.0.3"
| #define STDC_HEADERS 1
| #define HAVE_SYS_TYPES_H 1
| #define HAVE_SYS_STAT_H 1
| #define HAVE_STDLIB_H 1
| #define HAVE_STRING_H 1
| #define HAVE_MEMORY_H 1
| #define HAVE_STRINGS_H 1
| #define HAVE_INTTYPES_H 1
| #define HAVE_STDINT_H 1
| #define HAVE_UNISTD_H 1
| #define __EXTENSIONS__ 1
| #define _ALL_SOURCE 1
| #define _GNU_SOURCE 1
| #define _POSIX_PTHREAD_SEMANTICS 1
| #define _TANDEM_SOURCE 1
| #define HAVE_DLFCN_H 1
| #define LT_OBJDIR ".libs/"
| #define GKR_VERSION 003000003
| #define RETSIGTYPE void
| #define GETTEXT_PACKAGE "libgnome-keyring"
| #define HAVE_LOCALE_H 1
| #define HAVE_LC_MESSAGES 1
| #define HAVE_BIND_TEXTDOMAIN_CODESET 1
| #define HAVE_GETTEXT 1
| #define HAVE_DCGETTEXT 1
| #define ENABLE_NLS 1
| /* end confdefs.h.  */
| 
| #include <sys/types.h>
| #include <sys/socket.h>
| 
| int
| main ()
| {
| 
| struct cmsgcred cred;
| 
| cred.cmcred_pid = 0;
| 
|   ;
|   return 0;
| }
configure:14676: result: no
configure:14691: checking for getpeerucred
configure:14691: gcc -o conftest -g -O2   conftest.c  >&5
/tmp/cck8G1Vo.o: In function `main':
/usr/src/libgnome-keyring/libgnome-keyring/conftest.c:71: undefined reference to `getpeerucred'
collect2: error: ld returned 1 exit status
configure:14691: $? = 1
configure: failed program was:
| /* confdefs.h */
| #define PACKAGE_NAME "libgnome-keyring"
| #define PACKAGE_TARNAME "libgnome-keyring"
| #define PACKAGE_VERSION "3.0.3"
| #define PACKAGE_STRING "libgnome-keyring 3.0.3"
| #define PACKAGE_BUGREPORT ""
| #define PACKAGE_URL ""
| #define PACKAGE "libgnome-keyring"
| #define VERSION "3.0.3"
| #define STDC_HEADERS 1
| #define HAVE_SYS_TYPES_H 1
| #define HAVE_SYS_STAT_H 1
| #define HAVE_STDLIB_H 1
| #define HAVE_STRING_H 1
| #define HAVE_MEMORY_H 1
| #define HAVE_STRINGS_H 1
| #define HAVE_INTTYPES_H 1
| #define HAVE_STDINT_H 1
| #define HAVE_UNISTD_H 1
| #define __EXTENSIONS__ 1
| #define _ALL_SOURCE 1
| #define _GNU_SOURCE 1
| #define _POSIX_PTHREAD_SEMANTICS 1
| #define _TANDEM_SOURCE 1
| #define HAVE_DLFCN_H 1
| #define LT_OBJDIR ".libs/"
| #define GKR_VERSION 003000003
| #define RETSIGTYPE void
| #define GETTEXT_PACKAGE "libgnome-keyring"
| #define HAVE_LOCALE_H 1
| #define HAVE_LC_MESSAGES 1
| #define HAVE_BIND_TEXTDOMAIN_CODESET 1
| #define HAVE_GETTEXT 1
| #define HAVE_DCGETTEXT 1
| #define ENABLE_NLS 1
| /* end confdefs.h.  */
| /* Define getpeerucred to an innocuous variant, in case <limits.h> declares getpeerucred.
|    For example, HP-UX 11i <limits.h> declares gettimeofday.  */
| #define getpeerucred innocuous_getpeerucred
| 
| /* System header to define __stub macros and hopefully few prototypes,
|     which can conflict with char getpeerucred (); below.
|     Prefer <limits.h> to <assert.h> if __STDC__ is defined, since
|     <limits.h> exists even on freestanding compilers.  */
| 
| #ifdef __STDC__
| # include <limits.h>
| #else
| # include <assert.h>
| #endif
| 
| #undef getpeerucred
| 
| /* Override any GCC internal prototype to avoid an error.
|    Use char because int might match the return type of a GCC
|    builtin and then its argument prototype would still apply.  */
| #ifdef __cplusplus
| extern "C"
| #endif
| char getpeerucred ();
| /* The GNU C library defines this for functions which it implements
|     to always fail with ENOSYS.  Some functions are actually named
|     something starting with __ and the normal name is an alias.  */
| #if defined __stub_getpeerucred || defined __stub___getpeerucred
| choke me
| #endif
| 
| int
| main ()
| {
| return getpeerucred ();
|   ;
|   return 0;
| }
configure:14691: result: no
configure:14709: checking for getpeereid
configure:14709: gcc -o conftest -g -O2   conftest.c  >&5
/tmp/ccnP41wt.o: In function `main':
/usr/src/libgnome-keyring/libgnome-keyring/conftest.c:71: undefined reference to `getpeereid'
collect2: error: ld returned 1 exit status
configure:14709: $? = 1
configure: failed program was:
| /* confdefs.h */
| #define PACKAGE_NAME "libgnome-keyring"
| #define PACKAGE_TARNAME "libgnome-keyring"
| #define PACKAGE_VERSION "3.0.3"
| #define PACKAGE_STRING "libgnome-keyring 3.0.3"
| #define PACKAGE_BUGREPORT ""
| #define PACKAGE_URL ""
| #define PACKAGE "libgnome-keyring"
| #define VERSION "3.0.3"
| #define STDC_HEADERS 1
| #define HAVE_SYS_TYPES_H 1
| #define HAVE_SYS_STAT_H 1
| #define HAVE_STDLIB_H 1
| #define HAVE_STRING_H 1
| #define HAVE_MEMORY_H 1
| #define HAVE_STRINGS_H 1
| #define HAVE_INTTYPES_H 1
| #define HAVE_STDINT_H 1
| #define HAVE_UNISTD_H 1
| #define __EXTENSIONS__ 1
| #define _ALL_SOURCE 1
| #define _GNU_SOURCE 1
| #define _POSIX_PTHREAD_SEMANTICS 1
| #define _TANDEM_SOURCE 1
| #define HAVE_DLFCN_H 1
| #define LT_OBJDIR ".libs/"
| #define GKR_VERSION 003000003
| #define RETSIGTYPE void
| #define GETTEXT_PACKAGE "libgnome-keyring"
| #define HAVE_LOCALE_H 1
| #define HAVE_LC_MESSAGES 1
| #define HAVE_BIND_TEXTDOMAIN_CODESET 1
| #define HAVE_GETTEXT 1
| #define HAVE_DCGETTEXT 1
| #define ENABLE_NLS 1
| /* end confdefs.h.  */
| /* Define getpeereid to an innocuous variant, in case <limits.h> declares getpeereid.
|    For example, HP-UX 11i <limits.h> declares gettimeofday.  */
| #define getpeereid innocuous_getpeereid
| 
| /* System header to define __stub macros and hopefully few prototypes,
|     which can conflict with char getpeereid (); below.
|     Prefer <limits.h> to <assert.h> if __STDC__ is defined, since
|     <limits.h> exists even on freestanding compilers.  */
| 
| #ifdef __STDC__
| # include <limits.h>
| #else
| # include <assert.h>
| #endif
| 
| #undef getpeereid
| 
| /* Override any GCC internal prototype to avoid an error.
|    Use char because int might match the return type of a GCC
|    builtin and then its argument prototype would still apply.  */
| #ifdef __cplusplus
| extern "C"
| #endif
| char getpeereid ();
| /* The GNU C library defines this for functions which it implements
|     to always fail with ENOSYS.  Some functions are actually named
|     something starting with __ and the normal name is an alias.  */
| #if defined __stub_getpeereid || defined __stub___getpeereid
| choke me
| #endif
| 
| int
| main ()
| {
| return getpeereid ();
|   ;
|   return 0;
| }
configure:14709: result: no
configure:14727: checking for mlock
configure:14727: gcc -o conftest -g -O2   conftest.c  >&5
configure:14727: $? = 0
configure:14727: result: yes
configure:14744: checking for DBUS
configure:14751: $PKG_CONFIG --exists --print-errors "dbus-1 >= 1.0"
configure:14754: $? = 0
configure:14768: $PKG_CONFIG --exists --print-errors "dbus-1 >= 1.0"
configure:14771: $? = 0
configure:14829: result: yes
configure:14912: checking for libgcrypt-config
configure:14930: found /usr/bin/libgcrypt-config
configure:14942: result: /usr/bin/libgcrypt-config
configure:14973: checking for LIBGCRYPT - version >= 1.2.2
configure:15007: result: yes (1.5.0)
configure:15019: checking LIBGCRYPT API version
configure:15022: result: okay
configure:15114: checking for more warnings
configure:15117: result: yes
configure:15129: checking whether gcc understands -Wno-strict-aliasing
configure:15142: gcc -c 	-Wall 	-Wchar-subscripts -Wmissing-declarations -Wmissing-prototypes 	-Wnested-externs -Wpointer-arith 	-Wcast-align -Wsign-compare 	-g -O2 -Wno-strict-aliasing  conftest.c >&5
configure:15142: $? = 0
configure:15151: result: yes
configure:15129: checking whether gcc understands -Wno-sign-compare
configure:15142: gcc -c 	-Wall 	-Wchar-subscripts -Wmissing-declarations -Wmissing-prototypes 	-Wnested-externs -Wpointer-arith 	-Wcast-align -Wsign-compare 	-g -O2 -Wno-strict-aliasing -Wno-sign-compare  conftest.c >&5
configure:15142: $? = 0
configure:15151: result: yes
configure:15171: checking build test tools, unit tests, and -Werror
configure:15190: result: yes
configure:15204: checking for gnome-keyring-daemon
configure:15222: found /usr/bin/gnome-keyring-daemon
configure:15235: result: /usr/bin/gnome-keyring-daemon
configure:15422: creating ./config.status

## ---------------------- ##
## Running config.status. ##
## ---------------------- ##

This file was extended by libgnome-keyring config.status 3.0.3, which was
generated by GNU Autoconf 2.69.  Invocation command line was

  CONFIG_FILES    = 
  CONFIG_HEADERS  = 
  CONFIG_LINKS    = 
  CONFIG_COMMANDS = 
  $ ./config.status 

on ns2

config.status:1216: creating Makefile
config.status:1216: creating docs/Makefile
config.status:1216: creating docs/reference/Makefile
config.status:1216: creating docs/reference/gnome-keyring/Makefile
config.status:1216: creating egg/Makefile
config.status:1216: creating egg/tests/Makefile
config.status:1216: creating library/Makefile
config.status:1216: creating library/tests/Makefile
config.status:1216: creating library/gnome-keyring-1.pc
config.status:1216: creating library/gnome-keyring-1-uninstalled.pc
config.status:1216: creating po/Makefile.in
config.status:1216: creating config.h
config.status:1445: executing depfiles commands
config.status:1445: executing libtool commands
config.status:1445: executing default-1 commands
config.status:1445: executing po/stamp-it commands

## ---------------- ##
## Cache variables. ##
## ---------------- ##

ac_cv_build=i686-pc-linux-gnu
ac_cv_c_compiler_gnu=yes
ac_cv_c_const=yes
ac_cv_env_CC_set=
ac_cv_env_CC_value=
ac_cv_env_CFLAGS_set=
ac_cv_env_CFLAGS_value=
ac_cv_env_CPPFLAGS_set=
ac_cv_env_CPPFLAGS_value=
ac_cv_env_CPP_set=
ac_cv_env_CPP_value=
ac_cv_env_DBUS_CFLAGS_set=
ac_cv_env_DBUS_CFLAGS_value=
ac_cv_env_DBUS_LIBS_set=
ac_cv_env_DBUS_LIBS_value=
ac_cv_env_GLIB_CFLAGS_set=
ac_cv_env_GLIB_CFLAGS_value=
ac_cv_env_GLIB_LIBS_set=
ac_cv_env_GLIB_LIBS_value=
ac_cv_env_GTKDOC_DEPS_CFLAGS_set=
ac_cv_env_GTKDOC_DEPS_CFLAGS_value=
ac_cv_env_GTKDOC_DEPS_LIBS_set=
ac_cv_env_GTKDOC_DEPS_LIBS_value=
ac_cv_env_LDFLAGS_set=
ac_cv_env_LDFLAGS_value=
ac_cv_env_LIBS_set=
ac_cv_env_LIBS_value=
ac_cv_env_PKG_CONFIG_LIBDIR_set=
ac_cv_env_PKG_CONFIG_LIBDIR_value=
ac_cv_env_PKG_CONFIG_PATH_set=set
ac_cv_env_PKG_CONFIG_PATH_value=:/usr/X11R7/lib/pkgconfig/
ac_cv_env_PKG_CONFIG_set=
ac_cv_env_PKG_CONFIG_value=
ac_cv_env_build_alias_set=
ac_cv_env_build_alias_value=
ac_cv_env_host_alias_set=
ac_cv_env_host_alias_value=
ac_cv_env_target_alias_set=
ac_cv_env_target_alias_value=
ac_cv_func_bind_textdomain_codeset=yes
ac_cv_func_dcgettext=yes
ac_cv_func_getpeereid=no
ac_cv_func_getpeerucred=no
ac_cv_func_mlock=yes
ac_cv_header_dlfcn_h=yes
ac_cv_header_inttypes_h=yes
ac_cv_header_libintl_h=yes
ac_cv_header_locale_h=yes
ac_cv_header_memory_h=yes
ac_cv_header_minix_config_h=no
ac_cv_header_stdc=yes
ac_cv_header_stdint_h=yes
ac_cv_header_stdlib_h=yes
ac_cv_header_string_h=yes
ac_cv_header_strings_h=yes
ac_cv_header_sys_stat_h=yes
ac_cv_header_sys_types_h=yes
ac_cv_header_unistd_h=yes
ac_cv_host=i686-pc-linux-gnu
ac_cv_objext=o
ac_cv_path_EGREP='/usr/bin/grep -E'
ac_cv_path_FGREP='/usr/bin/grep -F'
ac_cv_path_GMSGFMT=/usr/bin/msgfmt
ac_cv_path_GNOME_KEYRING_DAEMON_PATH=/usr/bin/gnome-keyring-daemon
ac_cv_path_GREP=/usr/bin/grep
ac_cv_path_GTKDOC_CHECK=/usr/bin/gtkdoc-check
ac_cv_path_GTKDOC_MKPDF=/usr/bin/gtkdoc-mkpdf
ac_cv_path_GTKDOC_REBASE=/usr/bin/gtkdoc-rebase
ac_cv_path_INTLTOOL_EXTRACT=/usr/bin/intltool-extract
ac_cv_path_INTLTOOL_MERGE=/usr/bin/intltool-merge
ac_cv_path_INTLTOOL_PERL=/usr/bin/perl
ac_cv_path_INTLTOOL_UPDATE=/usr/bin/intltool-update
ac_cv_path_MSGFMT=/usr/bin/msgfmt
ac_cv_path_MSGMERGE=/usr/bin/msgmerge
ac_cv_path_PKG_CONFIG=/usr/bin/pkg-config
ac_cv_path_SED=/usr/bin/sed
ac_cv_path_XGETTEXT=/usr/bin/xgettext
ac_cv_path_ac_pt_LIBGCRYPT_CONFIG=/usr/bin/libgcrypt-config
ac_cv_path_install='/usr/bin/ginstall -c'
ac_cv_path_mkdir=/usr/bin/mkdir
ac_cv_prog_AWK=gawk
ac_cv_prog_CPP='gcc -E'
ac_cv_prog_ac_ct_AR=ar
ac_cv_prog_ac_ct_CC=gcc
ac_cv_prog_ac_ct_MANIFEST_TOOL=mt
ac_cv_prog_ac_ct_OBJDUMP=objdump
ac_cv_prog_ac_ct_RANLIB=ranlib
ac_cv_prog_ac_ct_STRIP=strip
ac_cv_prog_cc_c89=
ac_cv_prog_cc_g=yes
ac_cv_prog_cc_gcc_c_o=yes
ac_cv_prog_make_make_set=yes
ac_cv_safe_to_define___extensions__=yes
ac_cv_search_strerror='none required'
ac_cv_type_pid_t=yes
ac_cv_type_signal=void
ac_cv_type_size_t=yes
ac_cv_type_uid_t=yes
am_cv_CC_dependencies_compiler_type=gcc3
am_cv_make_support_nested_variables=yes
am_cv_prog_tar_ustar=gnutar
am_cv_val_LC_MESSAGES=yes
gt_cv_func_dgettext_libc=yes
gt_cv_func_dgettext_libintl=no
gt_cv_func_ngettext_libc=yes
gt_cv_have_gettext=yes
lt_cv_ar_at_file=@
lt_cv_archive_cmds_need_lc=no
lt_cv_deplibs_check_method=pass_all
lt_cv_file_magic_cmd='$MAGIC_CMD'
lt_cv_file_magic_test_file=
lt_cv_ld_reload_flag=-r
lt_cv_nm_interface='BSD nm'
lt_cv_objdir=.libs
lt_cv_path_LD=/usr/i686-linux-gnu/bin/ld
lt_cv_path_NM='/usr/bin/nm -B'
lt_cv_path_mainfest_tool=no
lt_cv_prog_compiler_c_o=yes
lt_cv_prog_compiler_pic='-fPIC -DPIC'
lt_cv_prog_compiler_pic_works=yes
lt_cv_prog_compiler_rtti_exceptions=no
lt_cv_prog_compiler_static_works=yes
lt_cv_prog_gnu_ld=yes
lt_cv_sharedlib_from_linklib_cmd='printf %s\n'
lt_cv_shlibpath_overrides_runpath=no
lt_cv_sys_global_symbol_pipe='sed -n -e '\''s/^.*[	 ]\([ABCDGIRSTW][ABCDGIRSTW]*\)[	 ][	 ]*\([_A-Za-z][_A-Za-z0-9]*\)$/\1 \2 \2/p'\'' | sed '\''/ __gnu_lto/d'\'''
lt_cv_sys_global_symbol_to_c_name_address='sed -n -e '\''s/^: \([^ ]*\)[ ]*$/  {\"\1\", (void *) 0},/p'\'' -e '\''s/^[ABCDGIRSTW]* \([^ ]*\) \([^ ]*\)$/  {"\2", (void *) \&\2},/p'\'''
lt_cv_sys_global_symbol_to_c_name_address_lib_prefix='sed -n -e '\''s/^: \([^ ]*\)[ ]*$/  {\"\1\", (void *) 0},/p'\'' -e '\''s/^[ABCDGIRSTW]* \([^ ]*\) \(lib[^ ]*\)$/  {"\2", (void *) \&\2},/p'\'' -e '\''s/^[ABCDGIRSTW]* \([^ ]*\) \([^ ]*\)$/  {"lib\2", (void *) \&\2},/p'\'''
lt_cv_sys_global_symbol_to_cdecl='sed -n -e '\''s/^T .* \(.*\)$/extern int \1();/p'\'' -e '\''s/^[ABCDGIRSTW]* .* \(.*\)$/extern char \1;/p'\'''
lt_cv_sys_max_cmd_len=1572864
lt_cv_to_host_file_cmd=func_convert_file_noop
lt_cv_to_tool_file_cmd=func_convert_file_noop
pkg_cv_DBUS_CFLAGS='-I/usr/include/dbus-1.0 -I/usr/lib/dbus-1.0/include  '
pkg_cv_DBUS_LIBS='-ldbus-1  '
pkg_cv_GLIB_CFLAGS='-I/usr/include/glib-2.0 -I/usr/lib/glib-2.0/include  '
pkg_cv_GLIB_LIBS='-lglib-2.0  '

## ----------------- ##
## Output variables. ##
## ----------------- ##

ACLOCAL='${SHELL} /usr/src/libgnome-keyring/libgnome-keyring/missing --run aclocal-1.11'
ALL_LINGUAS=''
AMDEPBACKSLASH='\'
AMDEP_FALSE='#'
AMDEP_TRUE=''
AMTAR='$${TAR-tar}'
AM_BACKSLASH='\'
AM_DEFAULT_V='$(AM_DEFAULT_VERBOSITY)'
AM_DEFAULT_VERBOSITY='0'
AM_V='$(V)'
AR='ar'
AUTOCONF='${SHELL} /usr/src/libgnome-keyring/libgnome-keyring/missing --run autoconf'
AUTOHEADER='${SHELL} /usr/src/libgnome-keyring/libgnome-keyring/missing --run autoheader'
AUTOMAKE='${SHELL} /usr/src/libgnome-keyring/libgnome-keyring/missing --run automake-1.11'
AWK='gawk'
CATALOGS=''
CATOBJEXT='.gmo'
CC='gcc'
CCDEPMODE='depmode=gcc3'
CFLAGS='	-Wall 	-Wchar-subscripts -Wmissing-declarations -Wmissing-prototypes 	-Wnested-externs -Wpointer-arith 	-Wcast-align -Wsign-compare 	-g -O2 -Wno-strict-aliasing -Wno-sign-compare'
CPP='gcc -E'
CPPFLAGS=''
CYGPATH_W='echo'
DATADIRNAME='share'
DBUS_CFLAGS='-I/usr/include/dbus-1.0 -I/usr/lib/dbus-1.0/include   -DGKR_DBUS_MAJOR_VERSION=1 -DGKR_DBUS_MINOR_VERSION=6 -DGKR_DBUS_MICRO_VERSION=4'
DBUS_LIBS='-ldbus-1  '
DEFS='-DHAVE_CONFIG_H'
DEPDIR='.deps'
DISTCHECK_CONFIGURE_FLAGS='--enable-gtk-doc'
DLLTOOL='false'
DSYMUTIL=''
DUMPBIN=''
ECHO_C=''
ECHO_N='-n'
ECHO_T=''
EGREP='/usr/bin/grep -E'
ENABLE_GTK_DOC_FALSE=''
ENABLE_GTK_DOC_TRUE='#'
EXEEXT=''
FGREP='/usr/bin/grep -F'
GETTEXT_PACKAGE='libgnome-keyring'
GLIB_CFLAGS='-I/usr/include/glib-2.0 -I/usr/lib/glib-2.0/include  '
GLIB_LIBS='-lglib-2.0  '
GMOFILES=''
GMSGFMT='/usr/bin/msgfmt'
GNOME_KEYRING_DAEMON_PATH='/usr/bin/gnome-keyring-daemon'
GREP='/usr/bin/grep'
GTKDOC_CHECK='/usr/bin/gtkdoc-check'
GTKDOC_DEPS_CFLAGS=''
GTKDOC_DEPS_LIBS=''
GTKDOC_MKPDF='/usr/bin/gtkdoc-mkpdf'
GTKDOC_REBASE='/usr/bin/gtkdoc-rebase'
GTK_DOC_BUILD_HTML_FALSE='#'
GTK_DOC_BUILD_HTML_TRUE=''
GTK_DOC_BUILD_PDF_FALSE=''
GTK_DOC_BUILD_PDF_TRUE='#'
GTK_DOC_USE_LIBTOOL_FALSE='#'
GTK_DOC_USE_LIBTOOL_TRUE=''
GTK_DOC_USE_REBASE_FALSE='#'
GTK_DOC_USE_REBASE_TRUE=''
HTML_DIR='${datadir}/gtk-doc/html'
INSTALL_DATA='${INSTALL} -m 644'
INSTALL_PROGRAM='${INSTALL}'
INSTALL_SCRIPT='${INSTALL}'
INSTALL_STRIP_PROGRAM='$(install_sh) -c -s'
INSTOBJEXT='.mo'
INTLLIBS=''
INTLTOOL_CAVES_RULE='%.caves:     %.caves.in     $(INTLTOOL_MERGE) $(wildcard $(top_srcdir)/po/*.po) ; $(INTLTOOL_V_MERGE)LC_ALL=C $(INTLTOOL_MERGE) $(INTLTOOL_V_MERGE_OPTIONS) -d -u -c $(top_builddir)/po/.intltool-merge-cache $(top_srcdir)/po $< $@'
INTLTOOL_DESKTOP_RULE='%.desktop:   %.desktop.in   $(INTLTOOL_MERGE) $(wildcard $(top_srcdir)/po/*.po) ; $(INTLTOOL_V_MERGE)LC_ALL=C $(INTLTOOL_MERGE) $(INTLTOOL_V_MERGE_OPTIONS) -d -u -c $(top_builddir)/po/.intltool-merge-cache $(top_srcdir)/po $< $@'
INTLTOOL_DIRECTORY_RULE='%.directory: %.directory.in $(INTLTOOL_MERGE) $(wildcard $(top_srcdir)/po/*.po) ; $(INTLTOOL_V_MERGE)LC_ALL=C $(INTLTOOL_MERGE) $(INTLTOOL_V_MERGE_OPTIONS) -d -u -c $(top_builddir)/po/.intltool-merge-cache $(top_srcdir)/po $< $@'
INTLTOOL_EXTRACT='/usr/bin/intltool-extract'
INTLTOOL_KBD_RULE='%.kbd:       %.kbd.in       $(INTLTOOL_MERGE) $(wildcard $(top_srcdir)/po/*.po) ; $(INTLTOOL_V_MERGE)LC_ALL=C $(INTLTOOL_MERGE) $(INTLTOOL_V_MERGE_OPTIONS) -x -u -m -c $(top_builddir)/po/.intltool-merge-cache $(top_srcdir)/po $< $@'
INTLTOOL_KEYS_RULE='%.keys:      %.keys.in      $(INTLTOOL_MERGE) $(wildcard $(top_srcdir)/po/*.po) ; $(INTLTOOL_V_MERGE)LC_ALL=C $(INTLTOOL_MERGE) $(INTLTOOL_V_MERGE_OPTIONS) -k -u -c $(top_builddir)/po/.intltool-merge-cache $(top_srcdir)/po $< $@'
INTLTOOL_MERGE='/usr/bin/intltool-merge'
INTLTOOL_OAF_RULE='%.oaf:       %.oaf.in       $(INTLTOOL_MERGE) $(wildcard $(top_srcdir)/po/*.po) ; $(INTLTOOL_V_MERGE)LC_ALL=C $(INTLTOOL_MERGE) $(INTLTOOL_V_MERGE_OPTIONS) -o -p $(top_srcdir)/po $< $@'
INTLTOOL_PERL='/usr/bin/perl'
INTLTOOL_POLICY_RULE='%.policy:    %.policy.in    $(INTLTOOL_MERGE) $(wildcard $(top_srcdir)/po/*.po) ; $(INTLTOOL_V_MERGE)LC_ALL=C $(INTLTOOL_MERGE) $(INTLTOOL_V_MERGE_OPTIONS) -x -u -c $(top_builddir)/po/.intltool-merge-cache $(top_srcdir)/po $< $@'
INTLTOOL_PONG_RULE='%.pong:      %.pong.in      $(INTLTOOL_MERGE) $(wildcard $(top_srcdir)/po/*.po) ; $(INTLTOOL_V_MERGE)LC_ALL=C $(INTLTOOL_MERGE) $(INTLTOOL_V_MERGE_OPTIONS) -x -u -c $(top_builddir)/po/.intltool-merge-cache $(top_srcdir)/po $< $@'
INTLTOOL_PROP_RULE='%.prop:      %.prop.in      $(INTLTOOL_MERGE) $(wildcard $(top_srcdir)/po/*.po) ; $(INTLTOOL_V_MERGE)LC_ALL=C $(INTLTOOL_MERGE) $(INTLTOOL_V_MERGE_OPTIONS) -d -u -c $(top_builddir)/po/.intltool-merge-cache $(top_srcdir)/po $< $@'
INTLTOOL_SCHEMAS_RULE='%.schemas:   %.schemas.in   $(INTLTOOL_MERGE) $(wildcard $(top_srcdir)/po/*.po) ; $(INTLTOOL_V_MERGE)LC_ALL=C $(INTLTOOL_MERGE) $(INTLTOOL_V_MERGE_OPTIONS) -s -u -c $(top_builddir)/po/.intltool-merge-cache $(top_srcdir)/po $< $@'
INTLTOOL_SERVER_RULE='%.server:    %.server.in    $(INTLTOOL_MERGE) $(wildcard $(top_srcdir)/po/*.po) ; $(INTLTOOL_V_MERGE)LC_ALL=C $(INTLTOOL_MERGE) $(INTLTOOL_V_MERGE_OPTIONS) -o -u -c $(top_builddir)/po/.intltool-merge-cache $(top_srcdir)/po $< $@'
INTLTOOL_SERVICE_RULE='%.service: %.service.in   $(INTLTOOL_MERGE) $(wildcard $(top_srcdir)/po/*.po) ; $(INTLTOOL_V_MERGE)LC_ALL=C $(INTLTOOL_MERGE) $(INTLTOOL_V_MERGE_OPTIONS) -d -u -c $(top_builddir)/po/.intltool-merge-cache $(top_srcdir)/po $< $@'
INTLTOOL_SHEET_RULE='%.sheet:     %.sheet.in     $(INTLTOOL_MERGE) $(wildcard $(top_srcdir)/po/*.po) ; $(INTLTOOL_V_MERGE)LC_ALL=C $(INTLTOOL_MERGE) $(INTLTOOL_V_MERGE_OPTIONS) -x -u -c $(top_builddir)/po/.intltool-merge-cache $(top_srcdir)/po $< $@'
INTLTOOL_SOUNDLIST_RULE='%.soundlist: %.soundlist.in $(INTLTOOL_MERGE) $(wildcard $(top_srcdir)/po/*.po) ; $(INTLTOOL_V_MERGE)LC_ALL=C $(INTLTOOL_MERGE) $(INTLTOOL_V_MERGE_OPTIONS) -d -u -c $(top_builddir)/po/.intltool-merge-cache $(top_srcdir)/po $< $@'
INTLTOOL_THEME_RULE='%.theme:     %.theme.in     $(INTLTOOL_MERGE) $(wildcard $(top_srcdir)/po/*.po) ; $(INTLTOOL_V_MERGE)LC_ALL=C $(INTLTOOL_MERGE) $(INTLTOOL_V_MERGE_OPTIONS) -d -u -c $(top_builddir)/po/.intltool-merge-cache $(top_srcdir)/po $< $@'
INTLTOOL_UI_RULE='%.ui:        %.ui.in        $(INTLTOOL_MERGE) $(wildcard $(top_srcdir)/po/*.po) ; $(INTLTOOL_V_MERGE)LC_ALL=C $(INTLTOOL_MERGE) $(INTLTOOL_V_MERGE_OPTIONS) -x -u -c $(top_builddir)/po/.intltool-merge-cache $(top_srcdir)/po $< $@'
INTLTOOL_UPDATE='/usr/bin/intltool-update'
INTLTOOL_V_MERGE='$(INTLTOOL__v_MERGE_$(V))'
INTLTOOL_V_MERGE_OPTIONS='$(intltool__v_merge_options_$(V))'
INTLTOOL_XAM_RULE='%.xam:       %.xml.in       $(INTLTOOL_MERGE) $(wildcard $(top_srcdir)/po/*.po) ; $(INTLTOOL_V_MERGE)LC_ALL=C $(INTLTOOL_MERGE) $(INTLTOOL_V_MERGE_OPTIONS) -x -u -c $(top_builddir)/po/.intltool-merge-cache $(top_srcdir)/po $< $@'
INTLTOOL_XML_NOMERGE_RULE='%.xml:       %.xml.in       $(INTLTOOL_MERGE) ; $(INTLTOOL_V_MERGE)LC_ALL=C $(INTLTOOL_MERGE) $(INTLTOOL_V_MERGE_OPTIONS) -x -u --no-translations $< $@'
INTLTOOL_XML_RULE='%.xml:       %.xml.in       $(INTLTOOL_MERGE) $(wildcard $(top_srcdir)/po/*.po) ; $(INTLTOOL_V_MERGE)LC_ALL=C $(INTLTOOL_MERGE) $(INTLTOOL_V_MERGE_OPTIONS) -x -u -c $(top_builddir)/po/.intltool-merge-cache $(top_srcdir)/po $< $@'
INTLTOOL__v_MERGE_0='@echo "  ITMRG " $@;'
INTLTOOL__v_MERGE_='$(INTLTOOL__v_MERGE_$(AM_DEFAULT_VERBOSITY))'
LD='/usr/i686-linux-gnu/bin/ld'
LDFLAGS=''
LIBGCRYPT_CFLAGS=''
LIBGCRYPT_CONFIG='/usr/bin/libgcrypt-config'
LIBGCRYPT_LIBS='-lgcrypt -lgpg-error'
LIBOBJS=''
LIBRARY_CFLAGS=' -I/usr/include/glib-2.0 -I/usr/lib/glib-2.0/include   -I/usr/include/dbus-1.0 -I/usr/lib/dbus-1.0/include   -DGKR_DBUS_MAJOR_VERSION=1 -DGKR_DBUS_MINOR_VERSION=6 -DGKR_DBUS_MICRO_VERSION=4 '
LIBRARY_LIBS=' -lglib-2.0   -ldbus-1   -lgcrypt -lgpg-error'
LIBS=''
LIBTOOL='$(SHELL) $(top_builddir)/libtool'
LIB_GNOME_KEYRING_LT_VERSION='1:1:1'
LIPO=''
LN_S='ln -s'
LTLIBOBJS=''
MAINT=''
MAINTAINER_MODE_FALSE='#'
MAINTAINER_MODE_TRUE=''
MAKEINFO='${SHELL} /usr/src/libgnome-keyring/libgnome-keyring/missing --run makeinfo'
MANIFEST_TOOL=':'
MKDIR_P='/usr/bin/mkdir -p'
MKINSTALLDIRS='./mkinstalldirs'
MSGFMT='/usr/bin/msgfmt'
MSGFMT_OPTS='-c'
MSGMERGE='/usr/bin/msgmerge'
NM='/usr/bin/nm -B'
NMEDIT=''
OBJDUMP='objdump'
OBJEXT='o'
OTOOL64=''
OTOOL=''
PACKAGE='libgnome-keyring'
PACKAGE_BUGREPORT=''
PACKAGE_NAME='libgnome-keyring'
PACKAGE_STRING='libgnome-keyring 3.0.3'
PACKAGE_TARNAME='libgnome-keyring'
PACKAGE_URL=''
PACKAGE_VERSION='3.0.3'
PATH_SEPARATOR=':'
PKG_CONFIG='/usr/bin/pkg-config'
PKG_CONFIG_LIBDIR=''
PKG_CONFIG_PATH=':/usr/X11R7/lib/pkgconfig/'
POFILES=''
POSUB='po'
PO_IN_DATADIR_FALSE=''
PO_IN_DATADIR_TRUE=''
RANLIB='ranlib'
SED='/usr/bin/sed'
SET_MAKE=''
SHELL='/bin/sh'
STRIP='strip'
TEST_MODE='quick'
USE_NLS='yes'
VERSION='3.0.3'
WITH_TESTS_FALSE='#'
WITH_TESTS_TRUE=''
XGETTEXT='/usr/bin/xgettext'
ac_ct_AR='ar'
ac_ct_CC='gcc'
ac_ct_DUMPBIN=''
am__EXEEXT_FALSE=''
am__EXEEXT_TRUE='#'
am__fastdepCC_FALSE='#'
am__fastdepCC_TRUE=''
am__include='include'
am__isrc=''
am__leading_dot='.'
am__nodep='_no'
am__quote=''
am__tar='tar --format=ustar -chf - "$$tardir"'
am__untar='tar -xf -'
bindir='${exec_prefix}/bin'
build='i686-pc-linux-gnu'
build_alias=''
build_cpu='i686'
build_os='linux-gnu'
build_vendor='pc'
datadir='${datarootdir}'
datarootdir='${prefix}/share'
docdir='${datarootdir}/doc/${PACKAGE_TARNAME}'
dvidir='${docdir}'
exec_prefix='${prefix}'
host='i686-pc-linux-gnu'
host_alias=''
host_cpu='i686'
host_os='linux-gnu'
host_vendor='pc'
htmldir='${docdir}'
includedir='${prefix}/include'
infodir='${datarootdir}/info'
install_sh='${SHELL} /usr/src/libgnome-keyring/libgnome-keyring/install-sh'
intltool__v_merge_options_0='-q'
intltool__v_merge_options_='$(intltool__v_merge_options_$(AM_DEFAULT_VERBOSITY))'
libdir='${exec_prefix}/lib'
libexecdir='${exec_prefix}/libexec'
localedir='${datarootdir}/locale'
localstatedir='${prefix}/var'
mandir='${datarootdir}/man'
mkdir_p='/usr/bin/mkdir -p'
oldincludedir='/usr/include'
pdfdir='${docdir}'
prefix='/usr/local'
program_transform_name='s,x,x,'
psdir='${docdir}'
sbindir='${exec_prefix}/sbin'
sharedstatedir='${prefix}/com'
sysconfdir='${prefix}/etc'
target_alias=''

## ----------- ##
## confdefs.h. ##
## ----------- ##

/* confdefs.h */
#define PACKAGE_NAME "libgnome-keyring"
#define PACKAGE_TARNAME "libgnome-keyring"
#define PACKAGE_VERSION "3.0.3"
#define PACKAGE_STRING "libgnome-keyring 3.0.3"
#define PACKAGE_BUGREPORT ""
#define PACKAGE_URL ""
#define PACKAGE "libgnome-keyring"
#define VERSION "3.0.3"
#define STDC_HEADERS 1
#define HAVE_SYS_TYPES_H 1
#define HAVE_SYS_STAT_H 1
#define HAVE_STDLIB_H 1
#define HAVE_STRING_H 1
#define HAVE_MEMORY_H 1
#define HAVE_STRINGS_H 1
#define HAVE_INTTYPES_H 1
#define HAVE_STDINT_H 1
#define HAVE_UNISTD_H 1
#define __EXTENSIONS__ 1
#define _ALL_SOURCE 1
#define _GNU_SOURCE 1
#define _POSIX_PTHREAD_SEMANTICS 1
#define _TANDEM_SOURCE 1
#define HAVE_DLFCN_H 1
#define LT_OBJDIR ".libs/"
#define GKR_VERSION 003000003
#define RETSIGTYPE void
#define GETTEXT_PACKAGE "libgnome-keyring"
#define HAVE_LOCALE_H 1
#define HAVE_LC_MESSAGES 1
#define HAVE_BIND_TEXTDOMAIN_CODESET 1
#define HAVE_GETTEXT 1
#define HAVE_DCGETTEXT 1
#define ENABLE_NLS 1
#define HAVE_MLOCK 1
#define LIBGCRYPT_VERSION "1.2.2"
#define GNOME_KEYRING_DAEMON_PATH "/usr/bin/gnome-keyring-daemon"

configure: exit 0
